Change Component Comment : Designator=C11 Old Comment=* New Comment=0.1 мкф
Change Component Comment : Designator=R39 Old Comment=* New Comment=1 кќм
Change Component Comment : Designator=R42 Old Comment=* New Comment=1 кќм
Change Component Comment : Designator=R50 Old Comment=* New Comment=1 кќм
Change Component Comment : Designator=R35 Old Comment=* New Comment=2 кќм
Change Component Comment : Designator=R36 Old Comment=* New Comment=2 кќм
Change Component Comment : Designator=R40 Old Comment=* New Comment=2 кќм
Change Component Comment : Designator=R45 Old Comment=* New Comment=47 ќм
Change Component Comment : Designator=R46 Old Comment=* New Comment=47 ќм
Change Component Comment : Designator=R47 Old Comment=* New Comment=47 ќм
Change Component Comment : Designator=LED34 Old Comment=* New Comment=Green
Change Component Comment : Designator=LED33 Old Comment=* New Comment=Red
Change Component Comment : Designator=T1 Old Comment=* New Comment=SI2302 (A2SHB)
Change Component Comment : Designator=X1 Old Comment=* New Comment=XH2.54-5
Change Component Comment : Designator=C4 Old Comment=0.1 мк‘ New Comment=10 мк‘
Change Component Comment : Designator=C5 Old Comment=0.1 мк‘ New Comment=10 мк‘
Change Component Comment : Designator=C6 Old Comment=0.1 мк‘ New Comment=10 мк‘
Change Component Comment : Designator=C7 Old Comment=0.1 мк‘ New Comment=10 мк‘
Change Component Comment : Designator=C8 Old Comment=0.1 мк‘ New Comment=10 мк‘
Change Component Comment : Designator=C10 Old Comment=0.1 мк‘ New Comment=10 мк‘
Change Component Designator: OldDesignator=R1 NewDesignator=R4
Change Component Designator: OldDesignator=R2 NewDesignator=R5
Change Component Designator: OldDesignator=R3 NewDesignator=R6
Change Component Designator: OldDesignator=R4 NewDesignator=R7
Change Component Designator: OldDesignator=R5 NewDesignator=R8
Change Component Designator: OldDesignator=R6 NewDesignator=R1
Change Component Designator: OldDesignator=R7 NewDesignator=R2
Change Component Designator: OldDesignator=R8 NewDesignator=R3
Change component parameters: Designator = "R4"; Footprint = "SMD 0805 –езистор"; UniqueID = "\YLUPXORV"
Change component parameters. Clean all parameters for all variants
Change component parameters (AddParameter): Name = "Case"; Value = "SMD 0805"; VariantName = "[No Variations]"
Change component parameters (AddParameter): Name = "Value"; Value = "1 кќм"; VariantName = "[No Variations]"
Change component parameters: Designator = "C6"; Footprint = " онденсатор SMD Case 1206"; UniqueID = "\CLEAQWPV"
Change component parameters. Clean all parameters for all variants
Change component parameters (AddParameter): Name = "Case"; Value = "SMD 1206"; VariantName = "[No Variations]"
Change component parameters (AddParameter): Name = "Value"; Value = "10 мк‘"; VariantName = "[No Variations]"
Change component parameters: Designator = "C7"; Footprint = " онденсатор SMD Case 1206"; UniqueID = "\RVHFEWUQ"
Change component parameters. Clean all parameters for all variants
Change component parameters (AddParameter): Name = "Case"; Value = "SMD 1206"; VariantName = "[No Variations]"
Change component parameters (AddParameter): Name = "Value"; Value = "10 мк‘"; VariantName = "[No Variations]"
Change component parameters: Designator = "C8"; Footprint = " онденсатор SMD Case 1206"; UniqueID = "\HOKMBEJF"
Change component parameters. Clean all parameters for all variants
Change component parameters (AddParameter): Name = "Case"; Value = "SMD 1206"; VariantName = "[No Variations]"
Change component parameters (AddParameter): Name = "Value"; Value = "10 мк‘"; VariantName = "[No Variations]"
Change component parameters: Designator = "C4"; Footprint = " онденсатор SMD Case 1206"; UniqueID = "\DTKOMWDW"
Change component parameters. Clean all parameters for all variants
Change component parameters (AddParameter): Name = "Case"; Value = "SMD 1206"; VariantName = "[No Variations]"
Change component parameters (AddParameter): Name = "Value"; Value = "10 мк‘"; VariantName = "[No Variations]"
Change component parameters: Designator = "C5"; Footprint = " онденсатор SMD Case 1206"; UniqueID = "\PBPOKCMR"
Change component parameters. Clean all parameters for all variants
Change component parameters (AddParameter): Name = "Case"; Value = "SMD 1206"; VariantName = "[No Variations]"
Change component parameters (AddParameter): Name = "Value"; Value = "10 мк‘"; VariantName = "[No Variations]"
Change component parameters: Designator = "C10"; Footprint = " онденсатор SMD Case 1206"; UniqueID = "\YWTSCFCJ"
Change component parameters. Clean all parameters for all variants
Change component parameters (AddParameter): Name = "Case"; Value = "SMD 1206"; VariantName = "[No Variations]"
Change component parameters (AddParameter): Name = "Value"; Value = "10 мк‘"; VariantName = "[No Variations]"
Change component parameters: Designator = "C11"; Footprint = " онденсатор SMD Case 1206"; UniqueID = "\MIFMVQEO"
Change component parameters. Clean all parameters for all variants
Change component parameters (AddParameter): Name = "Case"; Value = "SMD 1206"; VariantName = "[No Variations]"
Change component parameters (AddParameter): Name = "Value"; Value = "0.1 мкф"; VariantName = "[No Variations]"
Change component parameters: Designator = "LED33"; Footprint = "SMD 1206 —ветодиод ¬ј…“"; UniqueID = "\YOUFHGAN"
Change component parameters. Clean all parameters for all variants
Change component parameters (AddParameter): Name = "Case"; Value = "SMD 1206"; VariantName = "[No Variations]"
Change component parameters (AddParameter): Name = "Value"; Value = "Red"; VariantName = "[No Variations]"
Change component parameters: Designator = "LED34"; Footprint = "SMD 1206 —ветодиод ¬ј…“"; UniqueID = "\CIQETYCH"
Change component parameters. Clean all parameters for all variants
Change component parameters (AddParameter): Name = "Case"; Value = "SMD 1206"; VariantName = "[No Variations]"
Change component parameters (AddParameter): Name = "Value"; Value = "Green"; VariantName = "[No Variations]"
Change component parameters: Designator = "R35"; Footprint = "SMD 0805 –езистор"; UniqueID = "\CCJLVTET"
Change component parameters. Clean all parameters for all variants
Change component parameters (AddParameter): Name = "Case"; Value = "SMD 0805"; VariantName = "[No Variations]"
Change component parameters (AddParameter): Name = "Value"; Value = "2 кќм"; VariantName = "[No Variations]"
Change component parameters: Designator = "R36"; Footprint = "SMD 0805 –езистор"; UniqueID = "\FANIKEFD"
Change component parameters. Clean all parameters for all variants
Change component parameters (AddParameter): Name = "Case"; Value = "SMD 0805"; VariantName = "[No Variations]"
Change component parameters (AddParameter): Name = "Value"; Value = "2 кќм"; VariantName = "[No Variations]"
Change component parameters: Designator = "R39"; Footprint = "SMD 0805 –езистор"; UniqueID = "\IXGYHFNV"
Change component parameters. Clean all parameters for all variants
Change component parameters (AddParameter): Name = "Case"; Value = "SMD 0805"; VariantName = "[No Variations]"
Change component parameters (AddParameter): Name = "Value"; Value = "1 кќм"; VariantName = "[No Variations]"
Change component parameters: Designator = "R40"; Footprint = "SMD 0805 –езистор"; UniqueID = "\WXVRFNEM"
Change component parameters. Clean all parameters for all variants
Change component parameters (AddParameter): Name = "Case"; Value = "SMD 0805"; VariantName = "[No Variations]"
Change component parameters (AddParameter): Name = "Value"; Value = "2 кќм"; VariantName = "[No Variations]"
Change component parameters: Designator = "R42"; Footprint = "SMD 0805 –езистор"; UniqueID = "\XJMQXVLY"
Change component parameters. Clean all parameters for all variants
Change component parameters (AddParameter): Name = "Case"; Value = "SMD 0805"; VariantName = "[No Variations]"
Change component parameters (AddParameter): Name = "Value"; Value = "1 кќм"; VariantName = "[No Variations]"
Change component parameters: Designator = "R45"; Footprint = "SMD 0805 –езистор"; UniqueID = "\YTGKFQXM"
Change component parameters. Clean all parameters for all variants
Change component parameters (AddParameter): Name = "Case"; Value = "SMD 0805"; VariantName = "[No Variations]"
Change component parameters (AddParameter): Name = "Value"; Value = "47 ќм"; VariantName = "[No Variations]"
Change component parameters: Designator = "R46"; Footprint = "SMD 0805 –езистор"; UniqueID = "\SUOBAGKR"
Change component parameters. Clean all parameters for all variants
Change component parameters (AddParameter): Name = "Case"; Value = "SMD 0805"; VariantName = "[No Variations]"
Change component parameters (AddParameter): Name = "Value"; Value = "47 ќм"; VariantName = "[No Variations]"
Change component parameters: Designator = "R47"; Footprint = "SMD 0805 –езистор"; UniqueID = "\PBPQLVWH"
Change component parameters. Clean all parameters for all variants
Change component parameters (AddParameter): Name = "Case"; Value = "SMD 0805"; VariantName = "[No Variations]"
Change component parameters (AddParameter): Name = "Value"; Value = "47 ќм"; VariantName = "[No Variations]"
Change component parameters: Designator = "R50"; Footprint = "SMD 0805 –езистор"; UniqueID = "\MBMLUGOL"
Change component parameters. Clean all parameters for all variants
Change component parameters (AddParameter): Name = "Case"; Value = "SMD 0805"; VariantName = "[No Variations]"
Change component parameters (AddParameter): Name = "Value"; Value = "1 кќм"; VariantName = "[No Variations]"
Change component parameters: Designator = "T1"; Footprint = "SMD SOT-23 “ранзистор 3 pin"; UniqueID = "\HIBXAEQT"
Change component parameters. Clean all parameters for all variants
Change component parameters (AddParameter): Name = "Case"; Value = "SOT-23"; VariantName = "[No Variations]"
Change component parameters (AddParameter): Name = "Value"; Value = "SI2302 (A2SHB)"; VariantName = "[No Variations]"
Change component parameters: Designator = "X1"; Footprint = "(1x5)pin XH 2.54 Header"; UniqueID = "\VFCQCUXY"
Change component parameters. Clean all parameters for all variants
Change component parameters (AddParameter): Name = "Case"; Value = "XH2.54-5"; VariantName = "[No Variations]"
Change component parameters (AddParameter): Name = "Value"; Value = "XH2.54-5"; VariantName = "[No Variations]"
