Change Component Footprint: Designator=C6 Old Footprint= онденсатор SMD Case 0805 New Footprint= онденсатор SMD Case 1206
Change Component Footprint: Designator=C5 Old Footprint= онденсатор SMD Case 1206 New Footprint= онденсатор SMD Case 0805
Change Component Footprint: Designator=C11 Old Footprint= онденсатор SMD Case 1206 New Footprint= онденсатор SMD Case 0805
Change Component Comment : Designator=C6 Old Comment=0.1 мк‘ New Comment=*
Change Component Comment : Designator=C8 Old Comment=0.1 мк‘ New Comment=*
Change Component Comment : Designator=C11 Old Comment=0.1 мк‘ New Comment=*
Change Component Comment : Designator=R40 Old Comment=1 кќм New Comment=*
Change Component Comment : Designator=R41 Old Comment=1 кќм New Comment=*
Change Component Comment : Designator=R42 Old Comment=1 кќм New Comment=*
Change Component Comment : Designator=R47 Old Comment=1 кќм New Comment=*
Change Component Comment : Designator=R49 Old Comment=1 кќм New Comment=*
Change Component Comment : Designator=R36 Old Comment=2 кќм New Comment=*
Change Component Comment : Designator=R37 Old Comment=2 кќм New Comment=*
Change Component Comment : Designator=R38 Old Comment=2 кќм New Comment=*
Change Component Comment : Designator=R39 Old Comment=2 кќм New Comment=*
Change Component Comment : Designator=R43 Old Comment=2 кќм New Comment=*
Change Component Comment : Designator=T1 Old Comment=SI2302 (A2SHB) New Comment=*
Change Component Comment : Designator=X1 Old Comment=XH2.54-5 New Comment=*
Change Component Designator: OldDesignator=C1 NewDesignator=C9
Change Component Designator: OldDesignator=C2 NewDesignator=C1
Change Component Designator: OldDesignator=C3 NewDesignator=C2
Change Component Designator: OldDesignator=C4 NewDesignator=C3
Change Component Designator: OldDesignator=C5 NewDesignator=C10
Change Component Designator: OldDesignator=C6 NewDesignator=C7
Change Component Designator: OldDesignator=C7 NewDesignator=C5
Change Component Designator: OldDesignator=C9 NewDesignator=C6
Change Component Designator: OldDesignator=C10 NewDesignator=C4
Change Component Designator: OldDesignator=LED33 NewDesignator=LED34
Change Component Designator: OldDesignator=LED34 NewDesignator=LED33
Change Component Designator: OldDesignator=R9 NewDesignator=R45
Change Component Designator: OldDesignator=R10 NewDesignator=R46
Change Component Designator: OldDesignator=R11 NewDesignator=R47
Change Component Designator: OldDesignator=R12 NewDesignator=R9
Change Component Designator: OldDesignator=R13 NewDesignator=R10
Change Component Designator: OldDesignator=R14 NewDesignator=R11
Change Component Designator: OldDesignator=R15 NewDesignator=R12
Change Component Designator: OldDesignator=R16 NewDesignator=R13
Change Component Designator: OldDesignator=R17 NewDesignator=R14
Change Component Designator: OldDesignator=R18 NewDesignator=R15
Change Component Designator: OldDesignator=R19 NewDesignator=R16
Change Component Designator: OldDesignator=R20 NewDesignator=R17
Change Component Designator: OldDesignator=R21 NewDesignator=R18
Change Component Designator: OldDesignator=R22 NewDesignator=R19
Change Component Designator: OldDesignator=R23 NewDesignator=R20
Change Component Designator: OldDesignator=R24 NewDesignator=R21
Change Component Designator: OldDesignator=R25 NewDesignator=R22
Change Component Designator: OldDesignator=R26 NewDesignator=R23
Change Component Designator: OldDesignator=R27 NewDesignator=R24
Change Component Designator: OldDesignator=R28 NewDesignator=R25
Change Component Designator: OldDesignator=R29 NewDesignator=R26
Change Component Designator: OldDesignator=R30 NewDesignator=R27
Change Component Designator: OldDesignator=R31 NewDesignator=R28
Change Component Designator: OldDesignator=R32 NewDesignator=R29
Change Component Designator: OldDesignator=R33 NewDesignator=R30
Change Component Designator: OldDesignator=R34 NewDesignator=R31
Change Component Designator: OldDesignator=R35 NewDesignator=R32
Change Component Designator: OldDesignator=R36 NewDesignator=R33
Change Component Designator: OldDesignator=R37 NewDesignator=R34
Change Component Designator: OldDesignator=R38 NewDesignator=R36
Change Component Designator: OldDesignator=R39 NewDesignator=R35
Change Component Designator: OldDesignator=R40 NewDesignator=R37
Change Component Designator: OldDesignator=R41 NewDesignator=R38
Change Component Designator: OldDesignator=R42 NewDesignator=R39
Change Component Designator: OldDesignator=R43 NewDesignator=R40
Change Component Designator: OldDesignator=R44 NewDesignator=R41
Change Component Designator: OldDesignator=R46 NewDesignator=R44
Change Component Designator: OldDesignator=R47 NewDesignator=R50
Change Component Designator: OldDesignator=R49 NewDesignator=R42
Change Component Designator: OldDesignator=R50 NewDesignator=R49
Change component parameters: Designator = "C6"; Footprint = " онденсатор SMD Case 1206"; UniqueID = "\CLEAQWPV"
Change component parameters. Clean all parameters for all variants
Change component parameters (AddParameter): Name = "Case"; Value = ""; VariantName = "[No Variations]"
Change component parameters (AddParameter): Name = "Value"; Value = "0.1 мк‘"; VariantName = "[No Variations]"
Change component parameters: Designator = "R41"; Footprint = "SMD 0805 –езистор"; UniqueID = "\FFUHWLEQ"
Change component parameters. Clean all parameters for all variants
Change component parameters (AddParameter): Name = "Case"; Value = ""; VariantName = "[No Variations]"
Change component parameters (AddParameter): Name = "Value"; Value = ""; VariantName = "[No Variations]"
Change component parameters: Designator = "R33"; Footprint = "SMD 0805 –езистор"; UniqueID = "\ONAQOCJC"
Change component parameters. Clean all parameters for all variants
Change component parameters (AddParameter): Name = "Case"; Value = ""; VariantName = "[No Variations]"
Change component parameters (AddParameter): Name = "Value"; Value = ""; VariantName = "[No Variations]"
Change component parameters: Designator = "R34"; Footprint = "SMD 0805 –езистор"; UniqueID = "\OVMDUHNE"
Change component parameters. Clean all parameters for all variants
Change component parameters (AddParameter): Name = "Case"; Value = ""; VariantName = "[No Variations]"
Change component parameters (AddParameter): Name = "Value"; Value = ""; VariantName = "[No Variations]"
Change component parameters: Designator = "R35"; Footprint = "SMD 0805 –езистор"; UniqueID = "\CCJLVTET"
Change component parameters. Clean all parameters for all variants
Change component parameters (AddParameter): Name = "Case"; Value = ""; VariantName = "[No Variations]"
Change component parameters (AddParameter): Name = "Value"; Value = ""; VariantName = "[No Variations]"
Change component parameters: Designator = "R37"; Footprint = "SMD 0805 –езистор"; UniqueID = "\OKKFSJOB"
Change component parameters. Clean all parameters for all variants
Change component parameters (AddParameter): Name = "Case"; Value = ""; VariantName = "[No Variations]"
Change component parameters (AddParameter): Name = "Value"; Value = ""; VariantName = "[No Variations]"
Change component parameters: Designator = "R38"; Footprint = "SMD 0805 –езистор"; UniqueID = "\DECIUADB"
Change component parameters. Clean all parameters for all variants
Change component parameters (AddParameter): Name = "Case"; Value = ""; VariantName = "[No Variations]"
Change component parameters (AddParameter): Name = "Value"; Value = ""; VariantName = "[No Variations]"
Change component parameters: Designator = "R50"; Footprint = "SMD 0805 –езистор"; UniqueID = "\MBMLUGOL"
Change component parameters. Clean all parameters for all variants
Change component parameters (AddParameter): Name = "Case"; Value = ""; VariantName = "[No Variations]"
Change component parameters (AddParameter): Name = "Value"; Value = ""; VariantName = "[No Variations]"
Change component parameters: Designator = "R42"; Footprint = "SMD 0805 –езистор"; UniqueID = "\XJMQXVLY"
Change component parameters. Clean all parameters for all variants
Change component parameters (AddParameter): Name = "Case"; Value = ""; VariantName = "[No Variations]"
Change component parameters (AddParameter): Name = "Value"; Value = ""; VariantName = "[No Variations]"
Change component parameters: Designator = "C7"; Footprint = " онденсатор SMD Case 1206"; UniqueID = "\RVHFEWUQ"
Change component parameters. Clean all parameters for all variants
Change component parameters (AddParameter): Name = "Case"; Value = ""; VariantName = "[No Variations]"
Change component parameters (AddParameter): Name = "Value"; Value = ""; VariantName = "[No Variations]"
Change component parameters: Designator = "C8"; Footprint = " онденсатор SMD Case 1206"; UniqueID = "\HOKMBEJF"
Change component parameters. Clean all parameters for all variants
Change component parameters (AddParameter): Name = "Case"; Value = ""; VariantName = "[No Variations]"
Change component parameters (AddParameter): Name = "Value"; Value = ""; VariantName = "[No Variations]"
Change component parameters: Designator = "C11"; Footprint = " онденсатор SMD Case 0805"; UniqueID = "\MIFMVQEO"
Change component parameters. Clean all parameters for all variants
Change component parameters (AddParameter): Name = "Case"; Value = ""; VariantName = "[No Variations]"
Change component parameters (AddParameter): Name = "Value"; Value = ""; VariantName = "[No Variations]"
Change component parameters: Designator = "R36"; Footprint = "SMD 0805 –езистор"; UniqueID = "\FANIKEFD"
Change component parameters. Clean all parameters for all variants
Change component parameters (AddParameter): Name = "Case"; Value = ""; VariantName = "[No Variations]"
Change component parameters (AddParameter): Name = "Value"; Value = ""; VariantName = "[No Variations]"
Change component parameters: Designator = "R39"; Footprint = "SMD 0805 –езистор"; UniqueID = "\IXGYHFNV"
Change component parameters. Clean all parameters for all variants
Change component parameters (AddParameter): Name = "Case"; Value = ""; VariantName = "[No Variations]"
Change component parameters (AddParameter): Name = "Value"; Value = ""; VariantName = "[No Variations]"
Change component parameters: Designator = "R40"; Footprint = "SMD 0805 –езистор"; UniqueID = "\WXVRFNEM"
Change component parameters. Clean all parameters for all variants
Change component parameters (AddParameter): Name = "Case"; Value = ""; VariantName = "[No Variations]"
Change component parameters (AddParameter): Name = "Value"; Value = ""; VariantName = "[No Variations]"
Change component parameters: Designator = "T1"; Footprint = "SMD SOT-23 “ранзистор 3 pin"; UniqueID = "\HIBXAEQT"
Change component parameters. Clean all parameters for all variants
Change component parameters (AddParameter): Name = "Case"; Value = ""; VariantName = "[No Variations]"
Change component parameters (AddParameter): Name = "Value"; Value = ""; VariantName = "[No Variations]"
Change component parameters: Designator = "X1"; Footprint = "(1x5)pin XH 2.54 Header"; UniqueID = "\VFCQCUXY"
Change component parameters. Clean all parameters for all variants
Change component parameters (AddParameter): Name = "Case"; Value = ""; VariantName = "[No Variations]"
Change component parameters (AddParameter): Name = "Value"; Value = ""; VariantName = "[No Variations]"
Added Component: Designator=R43(SMD 0805 –езистор)
Add component. Clean all parameters for all variants
Add component (AddParameter): Name = "Case"; Value = "SMD 0805"; VariantName = "[No Variations]"
Add component (AddParameter): Name = "Value"; Value = "1 кќм"; VariantName = "[No Variations]"
Change Net Name : Old Net Name=NetC5_1 New Net Name=NetC10_1
Change Net Name : Old Net Name=NetLED33_2 New Net Name=NetLED34_2
Change Net Name : Old Net Name=NetLED34_2 New Net Name=NetLED33_2
Change Net Name : Old Net Name=NetR9_2 New Net Name=NetR45_2
Change Net Name : Old Net Name=NetR10_2 New Net Name=NetR46_2
Change Net Name : Old Net Name=NetR11_2 New Net Name=NetR47_2
Change Net Name : Old Net Name=NetR37_2 New Net Name=NetR34_2
Change Net Name : Old Net Name=NetR38_2 New Net Name=NetR36_2
Change Net Name : Old Net Name=NetR39_2 New Net Name=NetR35_2
Added Pin To Net: NetName=EN Pin=IC6-7
Added Pin To Net: NetName=EN Pin=LED34-1
Added Pin To Net: NetName=EN Pin=R43-2
Added Net: Name=EN
Added Pin To Net: NetName=NetR43_1 Pin=R43-1
Added Pin To Net: NetName=NetR43_1 Pin=T1-1
Added Net: Name=NetR43_1
