Change Component Designator: OldDesignator=C2 NewDesignator=C3
Change Component Designator: OldDesignator=C3 NewDesignator=C2
Change Component Designator: OldDesignator=C8 NewDesignator=C9
Change Component Designator: OldDesignator=C9 NewDesignator=C8
Change Component Designator: OldDesignator=H1 NewDesignator=H4
Change Component Designator: OldDesignator=H2 NewDesignator=H3
Change Component Designator: OldDesignator=H3 NewDesignator=H2
Change Component Designator: OldDesignator=H4 NewDesignator=H1
Change Component Designator: OldDesignator=IC2 NewDesignator=IC3
Change Component Designator: OldDesignator=IC3 NewDesignator=IC2
Change Component Designator: OldDesignator=IC5 NewDesignator=IC6
Change Component Designator: OldDesignator=IC6 NewDesignator=IC5
Change Component Designator: OldDesignator=LED2 NewDesignator=LED8
Change Component Designator: OldDesignator=LED3 NewDesignator=LED7
Change Component Designator: OldDesignator=LED4 NewDesignator=LED6
Change Component Designator: OldDesignator=LED6 NewDesignator=LED4
Change Component Designator: OldDesignator=LED7 NewDesignator=LED3
Change Component Designator: OldDesignator=LED8 NewDesignator=LED2
Change Component Designator: OldDesignator=LED9 NewDesignator=LED16
Change Component Designator: OldDesignator=LED10 NewDesignator=LED15
Change Component Designator: OldDesignator=LED11 NewDesignator=LED14
Change Component Designator: OldDesignator=LED12 NewDesignator=LED13
Change Component Designator: OldDesignator=LED13 NewDesignator=LED12
Change Component Designator: OldDesignator=LED14 NewDesignator=LED11
Change Component Designator: OldDesignator=LED15 NewDesignator=LED10
Change Component Designator: OldDesignator=LED16 NewDesignator=LED9
Change Component Designator: OldDesignator=LED17 NewDesignator=LED24
Change Component Designator: OldDesignator=LED18 NewDesignator=LED23
Change Component Designator: OldDesignator=LED19 NewDesignator=LED22
Change Component Designator: OldDesignator=LED20 NewDesignator=LED21
Change Component Designator: OldDesignator=LED21 NewDesignator=LED20
Change Component Designator: OldDesignator=LED22 NewDesignator=LED19
Change Component Designator: OldDesignator=LED23 NewDesignator=LED18
Change Component Designator: OldDesignator=LED24 NewDesignator=LED17
Change Component Designator: OldDesignator=LED25 NewDesignator=LED32
Change Component Designator: OldDesignator=LED26 NewDesignator=LED31
Change Component Designator: OldDesignator=LED27 NewDesignator=LED30
Change Component Designator: OldDesignator=LED28 NewDesignator=LED29
Change Component Designator: OldDesignator=LED29 NewDesignator=LED28
Change Component Designator: OldDesignator=LED30 NewDesignator=LED27
Change Component Designator: OldDesignator=LED31 NewDesignator=LED26
Change Component Designator: OldDesignator=LED32 NewDesignator=LED25
Change Component Designator: OldDesignator=R1 NewDesignator=R5
Change Component Designator: OldDesignator=R2 NewDesignator=R4
Change Component Designator: OldDesignator=R4 NewDesignator=R2
Change Component Designator: OldDesignator=R5 NewDesignator=R1
Change Component Designator: OldDesignator=R7 NewDesignator=R8
Change Component Designator: OldDesignator=R8 NewDesignator=R7
Change Component Designator: OldDesignator=R9 NewDesignator=R16
Change Component Designator: OldDesignator=R10 NewDesignator=R15
Change Component Designator: OldDesignator=R11 NewDesignator=R14
Change Component Designator: OldDesignator=R12 NewDesignator=R13
Change Component Designator: OldDesignator=R13 NewDesignator=R12
Change Component Designator: OldDesignator=R14 NewDesignator=R11
Change Component Designator: OldDesignator=R15 NewDesignator=R10
Change Component Designator: OldDesignator=R16 NewDesignator=R9
Change Component Designator: OldDesignator=R17 NewDesignator=R19
Change Component Designator: OldDesignator=R19 NewDesignator=R17
Change Component Designator: OldDesignator=R20 NewDesignator=R27
Change Component Designator: OldDesignator=R21 NewDesignator=R26
Change Component Designator: OldDesignator=R22 NewDesignator=R25
Change Component Designator: OldDesignator=R23 NewDesignator=R24
Change Component Designator: OldDesignator=R24 NewDesignator=R23
Change Component Designator: OldDesignator=R25 NewDesignator=R22
Change Component Designator: OldDesignator=R26 NewDesignator=R21
Change Component Designator: OldDesignator=R27 NewDesignator=R20
Change Component Designator: OldDesignator=R28 NewDesignator=R35
Change Component Designator: OldDesignator=R29 NewDesignator=R34
Change Component Designator: OldDesignator=R30 NewDesignator=R33
Change Component Designator: OldDesignator=R31 NewDesignator=R32
Change Component Designator: OldDesignator=R32 NewDesignator=R31
Change Component Designator: OldDesignator=R33 NewDesignator=R30
Change Component Designator: OldDesignator=R34 NewDesignator=R29
Change Component Designator: OldDesignator=R35 NewDesignator=R28
Change Component Designator: OldDesignator=R36 NewDesignator=R39
Change Component Designator: OldDesignator=R37 NewDesignator=R38
Change Component Designator: OldDesignator=R38 NewDesignator=R37
Change Component Designator: OldDesignator=R39 NewDesignator=R36
Change Component Designator: OldDesignator=R40 NewDesignator=R43
Change Component Designator: OldDesignator=R41 NewDesignator=R42
Change Component Designator: OldDesignator=R42 NewDesignator=R41
Change Component Designator: OldDesignator=R43 NewDesignator=R40
Change Net Name : Old Net Name=NetIC2_14 New Net Name=NetIC3_14
Change Net Name : Old Net Name=NetIC3_9 New Net Name=NetIC2_9
Change Net Name : Old Net Name=NetIC5_14 New Net Name=NetIC5_9
Change Net Name : Old Net Name=NetLED2_2 New Net Name=NetLED8_2
Change Net Name : Old Net Name=NetLED3_2 New Net Name=NetLED7_2
Change Net Name : Old Net Name=NetLED4_2 New Net Name=NetLED6_2
Change Net Name : Old Net Name=NetLED6_2 New Net Name=NetLED4_2
Change Net Name : Old Net Name=NetLED7_2 New Net Name=NetLED3_2
Change Net Name : Old Net Name=NetLED8_2 New Net Name=NetLED2_2
Change Net Name : Old Net Name=NetLED9_2 New Net Name=NetLED16_2
Change Net Name : Old Net Name=NetLED10_2 New Net Name=NetLED15_2
Change Net Name : Old Net Name=NetLED11_2 New Net Name=NetLED14_2
Change Net Name : Old Net Name=NetLED12_2 New Net Name=NetLED13_2
Change Net Name : Old Net Name=NetLED13_2 New Net Name=NetLED12_2
Change Net Name : Old Net Name=NetLED14_2 New Net Name=NetLED11_2
Change Net Name : Old Net Name=NetLED15_2 New Net Name=NetLED10_2
Change Net Name : Old Net Name=NetLED16_2 New Net Name=NetLED9_2
Change Net Name : Old Net Name=NetLED17_2 New Net Name=NetLED24_2
Change Net Name : Old Net Name=NetLED18_2 New Net Name=NetLED23_2
Change Net Name : Old Net Name=NetLED19_2 New Net Name=NetLED22_2
Change Net Name : Old Net Name=NetLED20_2 New Net Name=NetLED21_2
Change Net Name : Old Net Name=NetLED21_2 New Net Name=NetLED20_2
Change Net Name : Old Net Name=NetLED22_2 New Net Name=NetLED19_2
Change Net Name : Old Net Name=NetLED23_2 New Net Name=NetLED18_2
Change Net Name : Old Net Name=NetLED24_2 New Net Name=NetLED17_2
Change Net Name : Old Net Name=NetLED25_2 New Net Name=NetLED32_2
Change Net Name : Old Net Name=NetLED26_2 New Net Name=NetLED31_2
Change Net Name : Old Net Name=NetLED27_2 New Net Name=NetLED30_2
Change Net Name : Old Net Name=NetLED28_2 New Net Name=NetLED29_2
Change Net Name : Old Net Name=NetLED29_2 New Net Name=NetLED28_2
Change Net Name : Old Net Name=NetLED30_2 New Net Name=NetLED27_2
Change Net Name : Old Net Name=NetLED31_2 New Net Name=NetLED26_2
Change Net Name : Old Net Name=NetLED32_2 New Net Name=NetLED25_2
Change Net Name : Old Net Name=NetR17_2 New Net Name=NetR19_2
Change Net Name : Old Net Name=NetR19_2 New Net Name=NetR17_2
Change Net Name : Old Net Name=NetR36_2 New Net Name=NetR39_2
Change Net Name : Old Net Name=NetR37_2 New Net Name=NetR38_2
Change Net Name : Old Net Name=NetR38_2 New Net Name=NetR37_2
