Change Component Designator: Old Designator=C1 New Designator=C4
Change Component Designator: Old Designator=C2 New Designator=C5
Change Component Designator: Old Designator=C3 New Designator=C6
Change Component Designator: Old Designator=C4 New Designator=C7
Change Component Designator: Old Designator=C5 New Designator=C8
Change Component Designator: Old Designator=C6 New Designator=C11
Change Component Designator: Old Designator=C7 New Designator=C10
Change Component Designator: Old Designator=C8 New Designator=C9
Change Component Designator: Old Designator=C9 New Designator=C1
Change Component Designator: Old Designator=C10 New Designator=C2
Change Component Designator: Old Designator=C11 New Designator=C3
Change Component Designator: Old Designator=H1 New Designator=H4
Change Component Designator: Old Designator=H2 New Designator=H3
Change Component Designator: Old Designator=H3 New Designator=H2
Change Component Designator: Old Designator=H4 New Designator=H1
Change Component Designator: Old Designator=IC1 New Designator=IC3
Change Component Designator: Old Designator=IC3 New Designator=IC4
Change Component Designator: Old Designator=IC4 New Designator=IC6
Change Component Designator: Old Designator=IC6 New Designator=IC1
Change Component Designator: Old Designator=LED1 New Designator=LED34
Change Component Designator: Old Designator=LED2 New Designator=LED33
Change Component Designator: Old Designator=LED3 New Designator=LED1
Change Component Designator: Old Designator=LED4 New Designator=LED8
Change Component Designator: Old Designator=LED5 New Designator=LED7
Change Component Designator: Old Designator=LED7 New Designator=LED5
Change Component Designator: Old Designator=LED8 New Designator=LED4
Change Component Designator: Old Designator=LED9 New Designator=LED3
Change Component Designator: Old Designator=LED10 New Designator=LED2
Change Component Designator: Old Designator=LED11 New Designator=LED16
Change Component Designator: Old Designator=LED12 New Designator=LED15
Change Component Designator: Old Designator=LED13 New Designator=LED14
Change Component Designator: Old Designator=LED14 New Designator=LED13
Change Component Designator: Old Designator=LED15 New Designator=LED12
Change Component Designator: Old Designator=LED16 New Designator=LED11
Change Component Designator: Old Designator=LED17 New Designator=LED10
Change Component Designator: Old Designator=LED18 New Designator=LED9
Change Component Designator: Old Designator=LED19 New Designator=LED24
Change Component Designator: Old Designator=LED20 New Designator=LED23
Change Component Designator: Old Designator=LED21 New Designator=LED22
Change Component Designator: Old Designator=LED22 New Designator=LED21
Change Component Designator: Old Designator=LED23 New Designator=LED20
Change Component Designator: Old Designator=LED24 New Designator=LED19
Change Component Designator: Old Designator=LED25 New Designator=LED18
Change Component Designator: Old Designator=LED26 New Designator=LED17
Change Component Designator: Old Designator=LED27 New Designator=LED32
Change Component Designator: Old Designator=LED28 New Designator=LED31
Change Component Designator: Old Designator=LED29 New Designator=LED30
Change Component Designator: Old Designator=LED30 New Designator=LED29
Change Component Designator: Old Designator=LED31 New Designator=LED28
Change Component Designator: Old Designator=LED32 New Designator=LED27
Change Component Designator: Old Designator=LED33 New Designator=LED26
Change Component Designator: Old Designator=LED34 New Designator=LED25
Change Component Designator: Old Designator=R1 New Designator=R47
Change Component Designator: Old Designator=R2 New Designator=R46
Change Component Designator: Old Designator=R3 New Designator=R45
Change Component Designator: Old Designator=R4 New Designator=R44
Change Component Designator: Old Designator=R5 New Designator=R50
Change Component Designator: Old Designator=R6 New Designator=R42
Change Component Designator: Old Designator=R7 New Designator=R36
Change Component Designator: Old Designator=R8 New Designator=R35
Change Component Designator: Old Designator=R9 New Designator=R34
Change Component Designator: Old Designator=R10 New Designator=R33
Change Component Designator: Old Designator=R11 New Designator=R5
Change Component Designator: Old Designator=R12 New Designator=R4
Change Component Designator: Old Designator=R13 New Designator=R3
Change Component Designator: Old Designator=R14 New Designator=R2
Change Component Designator: Old Designator=R15 New Designator=R1
Change Component Designator: Old Designator=R16 New Designator=R6
Change Component Designator: Old Designator=R17 New Designator=R8
Change Component Designator: Old Designator=R18 New Designator=R7
Change Component Designator: Old Designator=R19 New Designator=R40
Change Component Designator: Old Designator=R20 New Designator=R39
Change Component Designator: Old Designator=R21 New Designator=R38
Change Component Designator: Old Designator=R22 New Designator=R37
Change Component Designator: Old Designator=R23 New Designator=R41
Change Component Designator: Old Designator=R24 New Designator=R16
Change Component Designator: Old Designator=R25 New Designator=R15
Change Component Designator: Old Designator=R26 New Designator=R14
Change Component Designator: Old Designator=R27 New Designator=R13
Change Component Designator: Old Designator=R28 New Designator=R12
Change Component Designator: Old Designator=R29 New Designator=R11
Change Component Designator: Old Designator=R30 New Designator=R10
Change Component Designator: Old Designator=R31 New Designator=R9
Change Component Designator: Old Designator=R32 New Designator=R24
Change Component Designator: Old Designator=R33 New Designator=R23
Change Component Designator: Old Designator=R34 New Designator=R22
Change Component Designator: Old Designator=R35 New Designator=R21
Change Component Designator: Old Designator=R36 New Designator=R20
Change Component Designator: Old Designator=R37 New Designator=R19
Change Component Designator: Old Designator=R38 New Designator=R18
Change Component Designator: Old Designator=R39 New Designator=R17
Change Component Designator: Old Designator=R40 New Designator=R32
Change Component Designator: Old Designator=R41 New Designator=R31
Change Component Designator: Old Designator=R42 New Designator=R30
Change Component Designator: Old Designator=R43 New Designator=R29
Change Component Designator: Old Designator=R44 New Designator=R28
Change Component Designator: Old Designator=R45 New Designator=R27
Change Component Designator: Old Designator=R46 New Designator=R26
Change Component Designator: Old Designator=R47 New Designator=R25
Change Component Designator: Old Designator=R48 New Designator=R49
Change Component Designator: Old Designator=R49 New Designator=R48
Change Component Designator: Old Designator=R? New Designator=R43
